1626456885095	geckodriver	INFO	Listening on 127.0.0.1:54203
1626456885100	mozrunner::runner	INFO	Running command: "/usr/bin/firefox" "--marionette" "-foreground" "-no-remote" "-profile" "/tmp/rust_mozprofilesdBwl8"
1626456885762	Marionette	INFO	Marionette enabled
console.warn: SearchSettings: "get: No settings file exists, new profile?" (new NotFoundError("Could not open the file at /tmp/rust_mozprofilesdBwl8/search.json.mozlz4", (void 0)))
1626456888363	Marionette	INFO	Listening on port 44689
1626456888438	Marionette	WARN	TLS certificate errors will be ignored for this session
1626456888471	Marionette	INFO	Stopped listening on port 44689
1626456917400	geckodriver	INFO	Listening on 127.0.0.1:48189
1626456918404	mozrunner::runner	INFO	Running command: "/usr/bin/firefox" "--marionette" "-foreground" "-no-remote" "-profile" "/tmp/rust_mozprofileNkDBY3"
1626456919032	Marionette	INFO	Marionette enabled
console.warn: SearchSettings: "get: No settings file exists, new profile?" (new NotFoundError("Could not open the file at /tmp/rust_mozprofileNkDBY3/search.json.mozlz4", (void 0)))
1626456921406	Marionette	INFO	Listening on port 35791
1626456921473	Marionette	WARN	TLS certificate errors will be ignored for this session
1626456921540	Marionette	INFO	Stopped listening on port 35791
console.error: services.settings: 
  main/message-groups Signature failed  TypeError: NetworkError when attempting to fetch resource.
1626456993404	geckodriver	INFO	Listening on 127.0.0.1:41609
1626456993409	mozrunner::runner	INFO	Running command: "/usr/bin/firefox" "--marionette" "-foreground" "-no-remote" "-profile" "/tmp/rust_mozprofileLcKFYH"
1626456994016	Marionette	INFO	Marionette enabled
console.warn: SearchSettings: "get: No settings file exists, new profile?" (new NotFoundError("Could not open the file at /tmp/rust_mozprofileLcKFYH/search.json.mozlz4", (void 0)))
1626456996535	Marionette	INFO	Listening on port 38119
1626456996645	Marionette	WARN	TLS certificate errors will be ignored for this session
1626456996676	Marionette	INFO	Stopped listening on port 38119
console.error: services.settings: 
  main/message-groups Signature failed  TypeError: NetworkError when attempting to fetch resource.
JavaScript error: , line 0: AbortError: A request was aborted, for example through a call to IDBTransaction.abort.

###!!! [Parent][RunMessage] Error: Channel closing: too late to send/recv, messages will be lost

1626457010640	geckodriver	INFO	Listening on 127.0.0.1:40309
1626457010645	mozrunner::runner	INFO	Running command: "/usr/bin/firefox" "--marionette" "-foreground" "-no-remote" "-profile" "/tmp/rust_mozprofilePT4Xkh"
1626457011277	Marionette	INFO	Marionette enabled
console.warn: SearchSettings: "get: No settings file exists, new profile?" (new NotFoundError("Could not open the file at /tmp/rust_mozprofilePT4Xkh/search.json.mozlz4", (void 0)))
1626457013445	Marionette	INFO	Listening on port 36331
1626457013504	Marionette	WARN	TLS certificate errors will be ignored for this session
1626457013554	Marionette	INFO	Stopped listening on port 36331
console.error: services.settings: 
  main/message-groups Signature failed  TypeError: NetworkError when attempting to fetch resource.

###!!! [Parent][RunMessage] Error: Channel closing: too late to send/recv, messages will be lost

1626457031439	geckodriver	INFO	Listening on 127.0.0.1:52387
1626457031444	mozrunner::runner	INFO	Running command: "/usr/bin/firefox" "--marionette" "-foreground" "-no-remote" "-profile" "/tmp/rust_mozprofileG6V0we"
1626457032061	Marionette	INFO	Marionette enabled
console.warn: SearchSettings: "get: No settings file exists, new profile?" (new NotFoundError("Could not open the file at /tmp/rust_mozprofileG6V0we/search.json.mozlz4", (void 0)))
1626457034498	Marionette	INFO	Listening on port 39911
1626457034590	Marionette	WARN	TLS certificate errors will be ignored for this session
1626457034665	Marionette	INFO	Stopped listening on port 39911
console.error: services.settings: 
  main/message-groups Signature failed  TypeError: NetworkError when attempting to fetch resource.
1626457127230	geckodriver	INFO	Listening on 127.0.0.1:39539
1626457127235	mozrunner::runner	INFO	Running command: "/usr/bin/firefox" "--marionette" "-foreground" "-no-remote" "-profile" "/tmp/rust_mozprofileIp4RaL"
1626457127840	Marionette	INFO	Marionette enabled
console.warn: SearchSettings: "get: No settings file exists, new profile?" (new NotFoundError("Could not open the file at /tmp/rust_mozprofileIp4RaL/search.json.mozlz4", (void 0)))
1626457129874	Marionette	INFO	Listening on port 40925
1626457129979	Marionette	WARN	TLS certificate errors will be ignored for this session
JavaScript error: resource://gre/modules/XULStore.jsm, line 66: Error: Can't find profile directory.
JavaScript error: resource://gre/modules/XULStore.jsm, line 66: Error: Can't find profile directory.
1626457137942	Marionette	INFO	Stopped listening on port 40925

###!!! [Parent][RunMessage] Error: Channel closing: too late to send/recv, messages will be lost

1626457157044	geckodriver	INFO	Listening on 127.0.0.1:57755
1626457157049	mozrunner::runner	INFO	Running command: "/usr/bin/firefox" "--marionette" "-foreground" "-no-remote" "-profile" "/tmp/rust_mozprofileMQQeN6"
1626457157692	Marionette	INFO	Marionette enabled
console.warn: SearchSettings: "get: No settings file exists, new profile?" (new NotFoundError("Could not open the file at /tmp/rust_mozprofileMQQeN6/search.json.mozlz4", (void 0)))
1626457159826	Marionette	INFO	Listening on port 45199
1626457159907	Marionette	WARN	TLS certificate errors will be ignored for this session
JavaScript error: resource://gre/modules/XULStore.jsm, line 66: Error: Can't find profile directory.
JavaScript error: resource://gre/modules/XULStore.jsm, line 66: Error: Can't find profile directory.
1626457167457	Marionette	INFO	Stopped listening on port 45199

###!!! [Parent][RunMessage] Error: Channel closing: too late to send/recv, messages will be lost

1626457184016	geckodriver	INFO	Listening on 127.0.0.1:49403
1626457184021	mozrunner::runner	INFO	Running command: "/usr/bin/firefox" "--marionette" "-foreground" "-no-remote" "-profile" "/tmp/rust_mozprofileOpQju4"
1626457184660	Marionette	INFO	Marionette enabled
console.warn: SearchSettings: "get: No settings file exists, new profile?" (new NotFoundError("Could not open the file at /tmp/rust_mozprofileOpQju4/search.json.mozlz4", (void 0)))
1626457187275	Marionette	INFO	Listening on port 38587
1626457187361	Marionette	WARN	TLS certificate errors will be ignored for this session
JavaScript error: resource://gre/modules/XULStore.jsm, line 66: Error: Can't find profile directory.
JavaScript error: resource://gre/modules/XULStore.jsm, line 66: Error: Can't find profile directory.
1626457193806	Marionette	INFO	Stopped listening on port 38587
JavaScript error: resource://gre/modules/AsyncShutdown.jsm, line 718: Error: Phase "Sqlite.jsm: wait until all connections are closed" is finished, it is too late to register completion condition "protections.sqlite#0: waiting for shutdown"
1626457215708	geckodriver	INFO	Listening on 127.0.0.1:55211
1626457215713	mozrunner::runner	INFO	Running command: "/usr/bin/firefox" "--marionette" "-foreground" "-no-remote" "-profile" "/tmp/rust_mozprofileY5CDRr"
1626457216340	Marionette	INFO	Marionette enabled
console.warn: SearchSettings: "get: No settings file exists, new profile?" (new NotFoundError("Could not open the file at /tmp/rust_mozprofileY5CDRr/search.json.mozlz4", (void 0)))
1626457218483	Marionette	INFO	Listening on port 36371
1626457218561	Marionette	WARN	TLS certificate errors will be ignored for this session
JavaScript error: resource://gre/modules/XULStore.jsm, line 66: Error: Can't find profile directory.
JavaScript error: resource://gre/modules/XULStore.jsm, line 66: Error: Can't find profile directory.
1626457225913	Marionette	INFO	Stopped listening on port 36371
1626457251688	geckodriver	INFO	Listening on 127.0.0.1:44721
1626457251701	mozrunner::runner	INFO	Running command: "/usr/bin/firefox" "--marionette" "-foreground" "-no-remote" "-profile" "/tmp/rust_mozprofilejJmR9h"
1626457252492	Marionette	INFO	Marionette enabled
console.warn: SearchSettings: "get: No settings file exists, new profile?" (new NotFoundError("Could not open the file at /tmp/rust_mozprofilejJmR9h/search.json.mozlz4", (void 0)))
1626457255175	Marionette	INFO	Listening on port 35985
1626457255241	Marionette	WARN	TLS certificate errors will be ignored for this session
JavaScript error: resource://gre/modules/XULStore.jsm, line 66: Error: Can't find profile directory.
JavaScript error: resource://gre/modules/XULStore.jsm, line 66: Error: Can't find profile directory.
1626457261405	Marionette	INFO	Stopped listening on port 35985
1626457351699	geckodriver	INFO	Listening on 127.0.0.1:37775
1626457351703	mozrunner::runner	INFO	Running command: "/usr/bin/firefox" "--marionette" "-foreground" "-no-remote" "-profile" "/tmp/rust_mozprofileCVoInS"
1626457352315	Marionette	INFO	Marionette enabled
console.warn: SearchSettings: "get: No settings file exists, new profile?" (new NotFoundError("Could not open the file at /tmp/rust_mozprofileCVoInS/search.json.mozlz4", (void 0)))
1626457354820	Marionette	INFO	Listening on port 41543
1626457354939	Marionette	WARN	TLS certificate errors will be ignored for this session
JavaScript error: resource://gre/modules/XULStore.jsm, line 66: Error: Can't find profile directory.
JavaScript error: resource://gre/modules/XULStore.jsm, line 66: Error: Can't find profile directory.
1626457363265	Marionette	INFO	Stopped listening on port 41543

###!!! [Parent][MessageChannel] Error: (msgtype=0x390079,name=PContent::Msg_DestroyBrowsingContextGroup) Closed channel: cannot send/recv

JavaScript error: resource://gre/modules/AsyncShutdown.jsm, line 718: Error: Phase "Sqlite.jsm: wait until all connections are closed" is finished, it is too late to register completion condition "protections.sqlite#0: waiting for shutdown"

###!!! [Parent][RunMessage] Error: Channel closing: too late to send/recv, messages will be lost

1626457415661	geckodriver	INFO	Listening on 127.0.0.1:33351
1626457416666	mozrunner::runner	INFO	Running command: "/usr/bin/firefox" "--marionette" "-foreground" "-no-remote" "-profile" "/tmp/rust_mozprofilea5Fdns"
1626457417264	Marionette	INFO	Marionette enabled
console.warn: SearchSettings: "get: No settings file exists, new profile?" (new NotFoundError("Could not open the file at /tmp/rust_mozprofilea5Fdns/search.json.mozlz4", (void 0)))
1626457419326	Marionette	INFO	Listening on port 44287
1626457419422	Marionette	WARN	TLS certificate errors will be ignored for this session
JavaScript error: resource://gre/modules/XULStore.jsm, line 66: Error: Can't find profile directory.
JavaScript error: resource://gre/modules/XULStore.jsm, line 66: Error: Can't find profile directory.
1626457431027	Marionette	INFO	Stopped listening on port 44287
JavaScript error: , line 0: TypeError: NetworkError when attempting to fetch resource.
JavaScript error: , line 0: TypeError: NetworkError when attempting to fetch resource.

###!!! [Parent][MessageChannel] Error: (msgtype=0x390079,name=PContent::Msg_DestroyBrowsingContextGroup) Closed channel: cannot send/recv

JavaScript error: resource://gre/modules/AsyncShutdown.jsm, line 718: Error: Phase "Sqlite.jsm: wait until all connections are closed" is finished, it is too late to register completion condition "protections.sqlite#0: waiting for shutdown"

###!!! [Parent][RunMessage] Error: Channel closing: too late to send/recv, messages will be lost

1626468834946	geckodriver	INFO	Listening on 127.0.0.1:58713
1626468835951	mozrunner::runner	INFO	Running command: "/usr/bin/firefox" "--marionette" "-foreground" "-no-remote" "-profile" "/tmp/rust_mozprofileD6vMUq"
1626468836805	Marionette	INFO	Marionette enabled
console.warn: SearchSettings: "get: No settings file exists, new profile?" (new NotFoundError("Could not open the file at /tmp/rust_mozprofileD6vMUq/search.json.mozlz4", (void 0)))
1626468840127	Marionette	INFO	Listening on port 38441
1626468840251	Marionette	WARN	TLS certificate errors will be ignored for this session
JavaScript error: resource://gre/modules/XULStore.jsm, line 66: Error: Can't find profile directory.
JavaScript error: resource://gre/modules/XULStore.jsm, line 66: Error: Can't find profile directory.
JavaScript error: https://s0.2mdn.net/sadbundle/17557739881317216666/index.html, line 151: TypeError: a.g is null
JavaScript error: https://s0.2mdn.net/sadbundle/17557739881317216666/index.html, line 166: TypeError: this.g is null
1626469020977	geckodriver	INFO	Listening on 127.0.0.1:33483
1626469020982	mozrunner::runner	INFO	Running command: "/usr/bin/firefox" "--marionette" "-foreground" "-no-remote" "-profile" "/tmp/rust_mozprofile3LnflG"
1626469021763	Marionette	INFO	Marionette enabled
console.warn: SearchSettings: "get: No settings file exists, new profile?" (new NotFoundError("Could not open the file at /tmp/rust_mozprofile3LnflG/search.json.mozlz4", (void 0)))
1626469025403	Marionette	INFO	Listening on port 42353
1626469025537	Marionette	WARN	TLS certificate errors will be ignored for this session
JavaScript error: resource://gre/modules/XULStore.jsm, line 66: Error: Can't find profile directory.
JavaScript error: resource://gre/modules/XULStore.jsm, line 66: Error: Can't find profile directory.
1626469064592	geckodriver	INFO	Listening on 127.0.0.1:55937
1626469065595	mozrunner::runner	INFO	Running command: "/usr/bin/firefox" "--marionette" "-foreground" "-no-remote" "-profile" "/tmp/rust_mozprofilehOJlne"
1626469066513	Marionette	INFO	Marionette enabled
console.warn: SearchSettings: "get: No settings file exists, new profile?" (new NotFoundError("Could not open the file at /tmp/rust_mozprofilehOJlne/search.json.mozlz4", (void 0)))
1626469069705	Marionette	INFO	Listening on port 43173
1626469069753	Marionette	WARN	TLS certificate errors will be ignored for this session
console.error: services.settings: 
  main/doh-config Signature failed  InvalidSignatureError: Invalid content signature (main/doh-config)
console.error: services.settings: 
  main/doh-config local data was corrupted
console.warn: services.settings: main/doh-config Signature verified failed. Retry from scratch
console.error: services.settings: 
  main/doh-providers Signature failed  InvalidSignatureError: Invalid content signature (main/doh-providers)
console.error: services.settings: 
  main/doh-providers local data was corrupted
console.warn: services.settings: main/doh-providers Signature verified failed. Retry from scratch
1626469131138	geckodriver	INFO	Listening on 127.0.0.1:41643
1626469132126	mozrunner::runner	INFO	Running command: "/usr/bin/firefox" "--marionette" "-foreground" "-no-remote" "-profile" "/tmp/rust_mozprofileZ2v4IR"
1626469134555	Marionette	INFO	Marionette enabled
JavaScript error: , line 0: TypeError: NetworkError when attempting to fetch resource.
1626469134938	Marionette	INFO	Stopped listening on port 43173
1626469139565	Marionette	INFO	Stopped listening on port 42353

###!!! [Parent][RunMessage] Error: Channel closing: too late to send/recv, messages will be lost

1626469143023	geckodriver	INFO	Listening on 127.0.0.1:59655
1626469143027	mozrunner::runner	INFO	Running command: "/usr/bin/firefox" "--marionette" "-foreground" "-no-remote" "-profile" "/tmp/rust_mozprofilealiRWm"
1626469143780	Marionette	INFO	Marionette enabled
console.warn: SearchSettings: "get: No settings file exists, new profile?" (new NotFoundError("Could not open the file at /tmp/rust_mozprofilealiRWm/search.json.mozlz4", (void 0)))
1626469146717	Marionette	INFO	Listening on port 36225
1626469146799	Marionette	WARN	TLS certificate errors will be ignored for this session
JavaScript error: resource://gre/modules/XULStore.jsm, line 66: Error: Can't find profile directory.
JavaScript error: resource://gre/modules/XULStore.jsm, line 66: Error: Can't find profile directory.
console.log: WebExtensions: reset-default-search: starting.
console.log: WebExtensions: reset-default-search: No addons in our list are installed.
console.error: services.settings: 
  main/doh-config Signature failed  InvalidSignatureError: Invalid content signature (main/doh-config)
console.error: services.settings: 
  main/doh-config local data was corrupted
console.warn: services.settings: main/doh-config Signature verified failed. Retry from scratch
console.error: services.settings: 
  main/doh-providers Signature failed  InvalidSignatureError: Invalid content signature (main/doh-providers)
console.error: services.settings: 
  main/doh-providers local data was corrupted
console.warn: services.settings: main/doh-providers Signature verified failed. Retry from scratch
console.log: WebExtensions: reset-default-search: starting.
console.log: WebExtensions: reset-default-search: No addons in our list are installed.
1626471146476	geckodriver	INFO	Listening on 127.0.0.1:36149
1626471146481	mozrunner::runner	INFO	Running command: "/usr/bin/firefox" "--marionette" "-foreground" "-no-remote" "-profile" "/tmp/rust_mozprofilemA3Mr6"
1626471147152	Marionette	INFO	Marionette enabled
console.warn: SearchSettings: "get: No settings file exists, new profile?" (new NotFoundError("Could not open the file at /tmp/rust_mozprofilemA3Mr6/search.json.mozlz4", (void 0)))
1626471149596	Marionette	INFO	Listening on port 42465
1626471149721	Marionette	WARN	TLS certificate errors will be ignored for this session
JavaScript error: resource://gre/modules/XULStore.jsm, line 66: Error: Can't find profile directory.
JavaScript error: resource://gre/modules/XULStore.jsm, line 66: Error: Can't find profile directory.
1626471162255	Marionette	INFO	Stopped listening on port 42465
JavaScript error: , line 0: TypeError: NetworkError when attempting to fetch resource.
JavaScript error: resource://gre/modules/AsyncShutdown.jsm, line 718: Error: Phase "Sqlite.jsm: wait until all connections are closed" is finished, it is too late to register completion condition "protections.sqlite#0: waiting for shutdown"
1626471260492	Marionette	INFO	Stopped listening on port 36225
1626471288219	geckodriver	INFO	Listening on 127.0.0.1:54679
1626471288223	mozrunner::runner	INFO	Running command: "/usr/bin/firefox" "--marionette" "-foreground" "-no-remote" "-profile" "/tmp/rust_mozprofilewvdsiF"
1626471288848	Marionette	INFO	Marionette enabled
console.warn: SearchSettings: "get: No settings file exists, new profile?" (new NotFoundError("Could not open the file at /tmp/rust_mozprofilewvdsiF/search.json.mozlz4", (void 0)))
1626471291266	Marionette	INFO	Listening on port 46773
1626471291364	Marionette	WARN	TLS certificate errors will be ignored for this session
JavaScript error: resource://gre/modules/XULStore.jsm, line 66: Error: Can't find profile directory.
JavaScript error: resource://gre/modules/XULStore.jsm, line 66: Error: Can't find profile directory.
JavaScript error: , line 0: TypeError: NetworkError when attempting to fetch resource.
1626471314391	Marionette	INFO	Stopped listening on port 46773

###!!! [Parent][RunMessage] Error: Channel closing: too late to send/recv, messages will be lost

1626471338823	geckodriver	INFO	Listening on 127.0.0.1:59393
1626471338836	mozrunner::runner	INFO	Running command: "/usr/bin/firefox" "--marionette" "-foreground" "-no-remote" "-profile" "/tmp/rust_mozprofilekvo0G0"
1626471339555	Marionette	INFO	Marionette enabled
console.warn: SearchSettings: "get: No settings file exists, new profile?" (new NotFoundError("Could not open the file at /tmp/rust_mozprofilekvo0G0/search.json.mozlz4", (void 0)))
1626471342033	Marionette	INFO	Listening on port 34073
1626471342112	Marionette	WARN	TLS certificate errors will be ignored for this session
JavaScript error: resource://gre/modules/XULStore.jsm, line 66: Error: Can't find profile directory.
JavaScript error: resource://gre/modules/XULStore.jsm, line 66: Error: Can't find profile directory.
1626471353865	Marionette	INFO	Stopped listening on port 34073

###!!! [Parent][RunMessage] Error: Channel closing: too late to send/recv, messages will be lost

1626471377242	geckodriver	INFO	Listening on 127.0.0.1:45747
1626471377247	mozrunner::runner	INFO	Running command: "/usr/bin/firefox" "--marionette" "-foreground" "-no-remote" "-profile" "/tmp/rust_mozprofilesqUF7U"
1626471377946	Marionette	INFO	Marionette enabled
console.warn: SearchSettings: "get: No settings file exists, new profile?" (new NotFoundError("Could not open the file at /tmp/rust_mozprofilesqUF7U/search.json.mozlz4", (void 0)))
1626471380583	Marionette	INFO	Listening on port 33849
1626471380704	Marionette	WARN	TLS certificate errors will be ignored for this session
JavaScript error: resource://gre/modules/XULStore.jsm, line 66: Error: Can't find profile directory.
JavaScript error: resource://gre/modules/XULStore.jsm, line 66: Error: Can't find profile directory.
1626471391927	Marionette	INFO	Stopped listening on port 33849
1626471470626	geckodriver	INFO	Listening on 127.0.0.1:40285
1626471470631	mozrunner::runner	INFO	Running command: "/usr/bin/firefox" "--marionette" "-foreground" "-no-remote" "-profile" "/tmp/rust_mozprofilezOzaQP"
1626471471269	Marionette	INFO	Marionette enabled
console.warn: SearchSettings: "get: No settings file exists, new profile?" (new NotFoundError("Could not open the file at /tmp/rust_mozprofilezOzaQP/search.json.mozlz4", (void 0)))
1626471473922	Marionette	INFO	Listening on port 41203
1626471473974	Marionette	WARN	TLS certificate errors will be ignored for this session
JavaScript error: resource://gre/modules/XULStore.jsm, line 66: Error: Can't find profile directory.
JavaScript error: resource://gre/modules/XULStore.jsm, line 66: Error: Can't find profile directory.
1626471481512	Marionette	INFO	Stopped listening on port 41203

###!!! [Parent][RunMessage] Error: Channel closing: too late to send/recv, messages will be lost

JavaScript error: , line 0: TypeError: NetworkError when attempting to fetch resource.
JavaScript error: , line 0: TypeError: NetworkError when attempting to fetch resource.
1626511590799	Marionette	INFO	Stopped listening on port 38441
1626511812553	geckodriver	INFO	Listening on 127.0.0.1:41499
1626511812558	mozrunner::runner	INFO	Running command: "/usr/bin/firefox" "--marionette" "headless" "-foreground" "-no-remote" "-profile" "/tmp/rust_mozprofileEdAKul"
1626511813180	Marionette	INFO	Marionette enabled
console.warn: SearchSettings: "get: No settings file exists, new profile?" (new NotFoundError("Could not open the file at /tmp/rust_mozprofileEdAKul/search.json.mozlz4", (void 0)))
1626511815556	Marionette	INFO	Listening on port 39779
1626511815592	Marionette	WARN	TLS certificate errors will be ignored for this session
1626511823151	Marionette	INFO	Stopped listening on port 39779

###!!! [Parent][MessageChannel] Error: (msgtype=0x390079,name=PContent::Msg_DestroyBrowsingContextGroup) Closed channel: cannot send/recv


###!!! [Child][RunMessage] Error: Channel closing: too late to send/recv, messages will be lost


###!!! [Child][RunMessage] Error: Channel closing: too late to send/recv, messages will be lost


###!!! [Child][RunMessage] Error: Channel closing: too late to send/recv, messages will be lost


###!!! [Child][RunMessage] Error: Channel closing: too late to send/recv, messages will be lost


###!!! [Child][RunMessage] Error: Channel closing: too late to send/recv, messages will be lost


###!!! [Child][RunMessage] Error: Channel closing: too late to send/recv, messages will be lost


###!!! [Child][RunMessage] Error: Channel closing: too late to send/recv, messages will be lost


###!!! [Child][RunMessage] Error: Channel closing: too late to send/recv, messages will be lost


###!!! [Child][MessageChannel] Error: (msgtype=0x390143,name=PContent::Msg_ScriptError) Channel closing: too late to send/recv, messages will be lost


###!!! [Child][RunMessage] Error: Channel closing: too late to send/recv, messages will be lost


###!!! [Child][RunMessage] Error: Channel closing: too late to send/recv, messages will be lost


###!!! [Child][RunMessage] Error: Channel closing: too late to send/recv, messages will be lost


###!!! [Child][RunMessage] Error: Channel closing: too late to send/recv, messages will be lost


###!!! [Child][RunMessage] Error: Channel closing: too late to send/recv, messages will be lost

JavaScript error: resource://gre/modules/Sqlite.jsm, line 1030: Error: Sqlite.jsm has been shutdown. Cannot open connection to: /tmp/rust_mozprofileEdAKul/protections.sqlite
1626512184463	geckodriver	INFO	Listening on 127.0.0.1:56295
1626512184468	mozrunner::runner	INFO	Running command: "/usr/bin/firefox" "--marionette" "--headless" "-foreground" "-no-remote" "-profile" "/tmp/rust_mozprofile2BpcF5"
*** You are running in headless mode.
1626512184970	Marionette	INFO	Marionette enabled
[GFX1-]: RenderCompositorSWGL failed mapping default framebuffer, no dt
console.warn: SearchSettings: "get: No settings file exists, new profile?" (new NotFoundError("Could not open the file at /tmp/rust_mozprofile2BpcF5/search.json.mozlz4", (void 0)))
1626512186749	Marionette	INFO	Listening on port 36949
1626512186818	Marionette	WARN	TLS certificate errors will be ignored for this session
JavaScript error: resource://gre/modules/XULStore.jsm, line 66: Error: Can't find profile directory.
JavaScript error: resource://gre/modules/XULStore.jsm, line 66: Error: Can't find profile directory.
1626512198200	Marionette	INFO	Stopped listening on port 36949

###!!! [Parent][RunMessage] Error: Channel closing: too late to send/recv, messages will be lost

1626516761816	geckodriver	INFO	Listening on 127.0.0.1:58133
1626516761821	mozrunner::runner	INFO	Running command: "/usr/bin/firefox" "--marionette" "--headless" "-foreground" "-no-remote" "-profile" "/tmp/rust_mozprofileEOcTfl"
*** You are running in headless mode.
1626516762285	Marionette	INFO	Marionette enabled
[GFX1-]: RenderCompositorSWGL failed mapping default framebuffer, no dt
console.warn: SearchSettings: "get: No settings file exists, new profile?" (new NotFoundError("Could not open the file at /tmp/rust_mozprofileEOcTfl/search.json.mozlz4", (void 0)))
1626516764092	Marionette	INFO	Listening on port 43577
1626516764159	Marionette	WARN	TLS certificate errors will be ignored for this session
JavaScript error: resource://gre/modules/XULStore.jsm, line 66: Error: Can't find profile directory.
JavaScript error: resource://gre/modules/XULStore.jsm, line 66: Error: Can't find profile directory.
Exiting due to channel error.
Exiting due to channel error.
Exiting due to channel error.
1626516793563	geckodriver	INFO	Listening on 127.0.0.1:44383
1626516793569	mozrunner::runner	INFO	Running command: "/usr/bin/firefox" "--marionette" "--headless" "-foreground" "-no-remote" "-profile" "/tmp/rust_mozprofileanOJGS"
*** You are running in headless mode.
1626516794092	Marionette	INFO	Marionette enabled
[GFX1-]: RenderCompositorSWGL failed mapping default framebuffer, no dt
console.warn: SearchSettings: "get: No settings file exists, new profile?" (new NotFoundError("Could not open the file at /tmp/rust_mozprofileanOJGS/search.json.mozlz4", (void 0)))
1626516795871	Marionette	INFO	Listening on port 33191
1626516795918	Marionette	WARN	TLS certificate errors will be ignored for this session
JavaScript error: resource://gre/modules/XULStore.jsm, line 66: Error: Can't find profile directory.
JavaScript error: resource://gre/modules/XULStore.jsm, line 66: Error: Can't find profile directory.
1626516809306	Marionette	INFO	Stopped listening on port 33191

###!!! [Parent][RunMessage] Error: Channel closing: too late to send/recv, messages will be lost

1626516993705	geckodriver	INFO	Listening on 127.0.0.1:49859
1626516993714	mozrunner::runner	INFO	Running command: "/usr/bin/firefox" "--marionette" "--headless" "-foreground" "-no-remote" "-profile" "/tmp/rust_mozprofilee5vobc"
*** You are running in headless mode.
1626516994179	Marionette	INFO	Marionette enabled
[GFX1-]: RenderCompositorSWGL failed mapping default framebuffer, no dt
console.warn: SearchSettings: "get: No settings file exists, new profile?" (new NotFoundError("Could not open the file at /tmp/rust_mozprofilee5vobc/search.json.mozlz4", (void 0)))
1626516996053	Marionette	INFO	Listening on port 39049
1626516996142	Marionette	WARN	TLS certificate errors will be ignored for this session
JavaScript error: resource://gre/modules/XULStore.jsm, line 66: Error: Can't find profile directory.
JavaScript error: resource://gre/modules/XULStore.jsm, line 66: Error: Can't find profile directory.
1626517004012	Marionette	INFO	Stopped listening on port 39049

###!!! [Parent][RunMessage] Error: Channel closing: too late to send/recv, messages will be lost

1626517039028	geckodriver	INFO	Listening on 127.0.0.1:57963
1626517039034	mozrunner::runner	INFO	Running command: "/usr/bin/firefox" "--marionette" "--headless" "-foreground" "-no-remote" "-profile" "/tmp/rust_mozprofilePjACUl"
*** You are running in headless mode.
1626517039509	Marionette	INFO	Marionette enabled
[GFX1-]: RenderCompositorSWGL failed mapping default framebuffer, no dt
console.warn: SearchSettings: "get: No settings file exists, new profile?" (new NotFoundError("Could not open the file at /tmp/rust_mozprofilePjACUl/search.json.mozlz4", (void 0)))
1626517041304	Marionette	INFO	Listening on port 35785
1626517041378	Marionette	WARN	TLS certificate errors will be ignored for this session
JavaScript error: resource://gre/modules/XULStore.jsm, line 66: Error: Can't find profile directory.
JavaScript error: resource://gre/modules/XULStore.jsm, line 66: Error: Can't find profile directory.
1626517052731	Marionette	INFO	Stopped listening on port 35785

###!!! [Parent][MessageChannel] Error: (msgtype=0x390079,name=PContent::Msg_DestroyBrowsingContextGroup) Closed channel: cannot send/recv

JavaScript error: resource://gre/modules/Sqlite.jsm, line 1030: Error: Sqlite.jsm has been shutdown. Cannot open connection to: /tmp/rust_mozprofilePjACUl/protections.sqlite

###!!! [Child][RunMessage] Error: Channel closing: too late to send/recv, messages will be lost


###!!! [Parent][RunMessage] Error: Channel closing: too late to send/recv, messages will be lost

1626525365476	geckodriver	INFO	Listening on 127.0.0.1:45269
1626525365483	mozrunner::runner	INFO	Running command: "/usr/bin/firefox" "--marionette" "--headless" "-foreground" "-no-remote" "-profile" "/tmp/rust_mozprofile5UbW5B"
*** You are running in headless mode.
1626525365952	Marionette	INFO	Marionette enabled
[GFX1-]: RenderCompositorSWGL failed mapping default framebuffer, no dt
console.warn: SearchSettings: "get: No settings file exists, new profile?" (new NotFoundError("Could not open the file at /tmp/rust_mozprofile5UbW5B/search.json.mozlz4", (void 0)))
1626525367773	Marionette	INFO	Listening on port 44795
1626525367831	Marionette	WARN	TLS certificate errors will be ignored for this session
1626525375617	Marionette	INFO	Stopped listening on port 44795

###!!! [Child][RunMessage] Error: Channel closing: too late to send/recv, messages will be lost


###!!! [Child][RunMessage] Error: Channel closing: too late to send/recv, messages will be lost


###!!! [Parent][MessageChannel] Error: (msgtype=0x390079,name=PContent::Msg_DestroyBrowsingContextGroup) Closed channel: cannot send/recv

JavaScript error: resource://gre/modules/Sqlite.jsm, line 1030: Error: Sqlite.jsm has been shutdown. Cannot open connection to: /tmp/rust_mozprofile5UbW5B/protections.sqlite
1626525402774	geckodriver	INFO	Listening on 127.0.0.1:46761
1626525402781	mozrunner::runner	INFO	Running command: "/usr/bin/firefox" "--marionette" "--headless" "-foreground" "-no-remote" "-profile" "/tmp/rust_mozprofileLiRn58"
*** You are running in headless mode.
1626525403225	Marionette	INFO	Marionette enabled
[GFX1-]: RenderCompositorSWGL failed mapping default framebuffer, no dt
console.warn: SearchSettings: "get: No settings file exists, new profile?" (new NotFoundError("Could not open the file at /tmp/rust_mozprofileLiRn58/search.json.mozlz4", (void 0)))
1626525404990	Marionette	INFO	Listening on port 39845
1626525405112	Marionette	WARN	TLS certificate errors will be ignored for this session
JavaScript error: resource://gre/modules/XULStore.jsm, line 66: Error: Can't find profile directory.
JavaScript error: resource://gre/modules/XULStore.jsm, line 66: Error: Can't find profile directory.
1626525413349	Marionette	INFO	Stopped listening on port 39845

###!!! [Parent][RunMessage] Error: Channel closing: too late to send/recv, messages will be lost

1626525435450	geckodriver	INFO	Listening on 127.0.0.1:54195
1626525435459	mozrunner::runner	INFO	Running command: "/usr/bin/firefox" "--marionette" "--headless" "-foreground" "-no-remote" "-profile" "/tmp/rust_mozprofilep4LCmu"
*** You are running in headless mode.
1626525435916	Marionette	INFO	Marionette enabled
[GFX1-]: RenderCompositorSWGL failed mapping default framebuffer, no dt
console.warn: SearchSettings: "get: No settings file exists, new profile?" (new NotFoundError("Could not open the file at /tmp/rust_mozprofilep4LCmu/search.json.mozlz4", (void 0)))
1626525437726	Marionette	INFO	Listening on port 39219
1626525437797	Marionette	WARN	TLS certificate errors will be ignored for this session
JavaScript error: resource://gre/modules/XULStore.jsm, line 66: Error: Can't find profile directory.
JavaScript error: resource://gre/modules/XULStore.jsm, line 66: Error: Can't find profile directory.
1626525445080	Marionette	INFO	Stopped listening on port 39219

###!!! [Parent][RunMessage] Error: Channel closing: too late to send/recv, messages will be lost

1626525474266	geckodriver	INFO	Listening on 127.0.0.1:53537
1626525474274	mozrunner::runner	INFO	Running command: "/usr/bin/firefox" "--marionette" "--headless" "-foreground" "-no-remote" "-profile" "/tmp/rust_mozprofile5fGRke"
*** You are running in headless mode.
1626525474731	Marionette	INFO	Marionette enabled
[GFX1-]: RenderCompositorSWGL failed mapping default framebuffer, no dt
console.warn: SearchSettings: "get: No settings file exists, new profile?" (new NotFoundError("Could not open the file at /tmp/rust_mozprofile5fGRke/search.json.mozlz4", (void 0)))
1626525476471	Marionette	INFO	Listening on port 34311
1626525476518	Marionette	WARN	TLS certificate errors will be ignored for this session
JavaScript error: resource://gre/modules/XULStore.jsm, line 66: Error: Can't find profile directory.
JavaScript error: resource://gre/modules/XULStore.jsm, line 66: Error: Can't find profile directory.
1626525487934	Marionette	INFO	Stopped listening on port 34311

###!!! [Parent][RunMessage] Error: Channel closing: too late to send/recv, messages will be lost

1626525545126	geckodriver	INFO	Listening on 127.0.0.1:35049
1626525545132	mozrunner::runner	INFO	Running command: "/usr/bin/firefox" "--marionette" "--headless" "-foreground" "-no-remote" "-profile" "/tmp/rust_mozprofileUPO2AX"
*** You are running in headless mode.
1626525545586	Marionette	INFO	Marionette enabled
[GFX1-]: RenderCompositorSWGL failed mapping default framebuffer, no dt
console.warn: SearchSettings: "get: No settings file exists, new profile?" (new NotFoundError("Could not open the file at /tmp/rust_mozprofileUPO2AX/search.json.mozlz4", (void 0)))
1626525547334	Marionette	INFO	Listening on port 36913
1626525547384	Marionette	WARN	TLS certificate errors will be ignored for this session
JavaScript error: resource://gre/modules/XULStore.jsm, line 66: Error: Can't find profile directory.
JavaScript error: resource://gre/modules/XULStore.jsm, line 66: Error: Can't find profile directory.
1626525554761	Marionette	INFO	Stopped listening on port 36913
JavaScript error: resource://gre/modules/AsyncShutdown.jsm, line 718: Error: Phase "Sqlite.jsm: wait until all connections are closed" is finished, it is too late to register completion condition "protections.sqlite#0: waiting for shutdown"

###!!! [Parent][RunMessage] Error: Channel closing: too late to send/recv, messages will be lost

1626526196305	geckodriver	INFO	Listening on 127.0.0.1:42967
1626526196312	mozrunner::runner	INFO	Running command: "/usr/bin/firefox" "--marionette" "--headless" "-foreground" "-no-remote" "-profile" "/tmp/rust_mozprofileaER0U6"
*** You are running in headless mode.
1626526196771	Marionette	INFO	Marionette enabled
[GFX1-]: RenderCompositorSWGL failed mapping default framebuffer, no dt
console.warn: SearchSettings: "get: No settings file exists, new profile?" (new NotFoundError("Could not open the file at /tmp/rust_mozprofileaER0U6/search.json.mozlz4", (void 0)))
1626526198464	Marionette	INFO	Listening on port 34503
1626526198559	Marionette	WARN	TLS certificate errors will be ignored for this session
1626526206078	Marionette	INFO	Stopped listening on port 34503

###!!! [Parent][RunMessage] Error: Channel closing: too late to send/recv, messages will be lost

1626526484476	geckodriver	INFO	Listening on 127.0.0.1:55815
1626526484482	mozrunner::runner	INFO	Running command: "/usr/bin/firefox" "--marionette" "--headless" "-foreground" "-no-remote" "-profile" "/tmp/rust_mozprofileyU6gab"
*** You are running in headless mode.
1626526484970	Marionette	INFO	Marionette enabled
[GFX1-]: RenderCompositorSWGL failed mapping default framebuffer, no dt
console.warn: SearchSettings: "get: No settings file exists, new profile?" (new NotFoundError("Could not open the file at /tmp/rust_mozprofileyU6gab/search.json.mozlz4", (void 0)))
1626526486668	Marionette	INFO	Listening on port 45431
1626526486738	Marionette	WARN	TLS certificate errors will be ignored for this session
JavaScript error: resource://gre/modules/XULStore.jsm, line 66: Error: Can't find profile directory.
JavaScript error: resource://gre/modules/XULStore.jsm, line 66: Error: Can't find profile directory.
1626526493467	Marionette	INFO	Stopped listening on port 45431

###!!! [Parent][MessageChannel] Error: (msgtype=0x390079,name=PContent::Msg_DestroyBrowsingContextGroup) Closed channel: cannot send/recv

JavaScript error: resource://gre/modules/Sqlite.jsm, line 1030: Error: Sqlite.jsm has been shutdown. Cannot open connection to: /tmp/rust_mozprofileyU6gab/protections.sqlite
1626610991445	geckodriver	INFO	Listening on 127.0.0.1:40175
1626610991451	mozrunner::runner	INFO	Running command: "/usr/bin/firefox" "--marionette" "--headless" "-foreground" "-no-remote" "-profile" "/tmp/rust_mozprofilexgtWRr"
*** You are running in headless mode.
1626610992001	Marionette	INFO	Marionette enabled
[GFX1-]: RenderCompositorSWGL failed mapping default framebuffer, no dt
console.warn: SearchSettings: "get: No settings file exists, new profile?" (new NotFoundError("Could not open the file at /tmp/rust_mozprofilexgtWRr/search.json.mozlz4", (void 0)))
1626610994636	Marionette	INFO	Listening on port 33511
1626610994710	Marionette	WARN	TLS certificate errors will be ignored for this session
JavaScript error: resource://gre/modules/XULStore.jsm, line 66: Error: Can't find profile directory.
JavaScript error: resource://gre/modules/XULStore.jsm, line 66: Error: Can't find profile directory.
1626611002064	Marionette	INFO	Stopped listening on port 33511
1626611059685	geckodriver	INFO	Listening on 127.0.0.1:41431
1626611060692	mozrunner::runner	INFO	Running command: "/usr/bin/firefox" "--marionette" "--headless" "-foreground" "-no-remote" "-profile" "/tmp/rust_mozprofileUOypzO"
*** You are running in headless mode.
1626611061163	Marionette	INFO	Marionette enabled
[GFX1-]: RenderCompositorSWGL failed mapping default framebuffer, no dt
console.warn: SearchSettings: "get: No settings file exists, new profile?" (new NotFoundError("Could not open the file at /tmp/rust_mozprofileUOypzO/search.json.mozlz4", (void 0)))
1626611062902	Marionette	INFO	Listening on port 41735
1626611063021	Marionette	WARN	TLS certificate errors will be ignored for this session
JavaScript error: resource://gre/modules/XULStore.jsm, line 66: Error: Can't find profile directory.
JavaScript error: resource://gre/modules/XULStore.jsm, line 66: Error: Can't find profile directory.
1626611070118	Marionette	INFO	Stopped listening on port 41735

###!!! [Child][RunMessage] Error: Channel closing: too late to send/recv, messages will be lost


###!!! [Child][RunMessage] Error: Channel closing: too late to send/recv, messages will be lost

JavaScript error: resource://gre/modules/AsyncShutdown.jsm, line 718: Error: Phase "Sqlite.jsm: wait until all connections are closed" is finished, it is too late to register completion condition "protections.sqlite#0: waiting for shutdown"

###!!! [Parent][RunMessage] Error: Channel closing: too late to send/recv, messages will be lost

1626611193497	geckodriver	INFO	Listening on 127.0.0.1:34067
1626611193502	mozrunner::runner	INFO	Running command: "/usr/bin/firefox" "--marionette" "--headless" "-foreground" "-no-remote" "-profile" "/tmp/rust_mozprofile9oXbpR"
*** You are running in headless mode.
1626611193961	Marionette	INFO	Marionette enabled
[GFX1-]: RenderCompositorSWGL failed mapping default framebuffer, no dt
console.warn: SearchSettings: "get: No settings file exists, new profile?" (new NotFoundError("Could not open the file at /tmp/rust_mozprofile9oXbpR/search.json.mozlz4", (void 0)))
1626611195709	Marionette	INFO	Listening on port 32853
1626611195839	Marionette	WARN	TLS certificate errors will be ignored for this session
JavaScript error: resource://gre/modules/XULStore.jsm, line 66: Error: Can't find profile directory.
JavaScript error: resource://gre/modules/XULStore.jsm, line 66: Error: Can't find profile directory.
1626611202702	Marionette	INFO	Stopped listening on port 32853
